C:\Working\Github\AngularNotesApp\AngularNotesApp\AngularNotes\src\app\models\Todo.js
C:\Working\Github\AngularNotesApp\AngularNotesApp\AngularNotes\src\app\models\Todo.js.map
C:\Working\Github\AngularNotesApp\AngularNotesApp\AngularNotes\src\app\models\Note.js
C:\Working\Github\AngularNotesApp\AngularNotesApp\AngularNotes\src\app\models\Note.js.map
C:\Working\Github\AngularNotesApp\AngularNotesApp\AngularNotes\src\app\components\ColorPickerComponent.js
C:\Working\Github\AngularNotesApp\AngularNotesApp\AngularNotes\src\app\components\ColorPickerComponent.js.map
C:\Working\Github\AngularNotesApp\AngularNotesApp\AngularNotes\src\app\mock-notes.js
C:\Working\Github\AngularNotesApp\AngularNotesApp\AngularNotes\src\app\mock-notes.js.map
C:\Working\Github\AngularNotesApp\AngularNotesApp\AngularNotes\src\app\note.service.js
C:\Working\Github\AngularNotesApp\AngularNotesApp\AngularNotes\src\app\note.service.js.map
C:\Working\Github\AngularNotesApp\AngularNotesApp\AngularNotes\src\app\components\NoteListComponent.js
C:\Working\Github\AngularNotesApp\AngularNotesApp\AngularNotes\src\app\components\NoteListComponent.js.map
C:\Working\Github\AngularNotesApp\AngularNotesApp\AngularNotes\src\app\components\EditNoteComponent.js
C:\Working\Github\AngularNotesApp\AngularNotesApp\AngularNotes\src\app\components\EditNoteComponent.js.map
C:\Working\Github\AngularNotesApp\AngularNotesApp\AngularNotes\src\app\components\ToDoListComponent.js
C:\Working\Github\AngularNotesApp\AngularNotesApp\AngularNotes\src\app\components\ToDoListComponent.js.map
C:\Working\Github\AngularNotesApp\AngularNotesApp\AngularNotes\src\app\components\MainComponent.js
C:\Working\Github\AngularNotesApp\AngularNotesApp\AngularNotes\src\app\components\MainComponent.js.map
C:\Working\Github\AngularNotesApp\AngularNotesApp\AngularNotes\src\app\app.module.js
C:\Working\Github\AngularNotesApp\AngularNotesApp\AngularNotes\src\app\app.module.js.map
C:\Working\Github\AngularNotesApp\AngularNotesApp\AngularNotes\src\main.js
C:\Working\Github\AngularNotesApp\AngularNotesApp\AngularNotes\src\main.js.map
C:\Working\Github\AngularNotesApp\AngularNotesApp\AngularNotes\src\app\models\Todo.js
C:\Working\Github\AngularNotesApp\AngularNotesApp\AngularNotes\src\app\models\Todo.js.map
C:\Working\Github\AngularNotesApp\AngularNotesApp\AngularNotes\src\app\models\Note.js
C:\Working\Github\AngularNotesApp\AngularNotesApp\AngularNotes\src\app\models\Note.js.map
C:\Working\Github\AngularNotesApp\AngularNotesApp\AngularNotes\src\app\components\ColorPickerComponent.js
C:\Working\Github\AngularNotesApp\AngularNotesApp\AngularNotes\src\app\components\ColorPickerComponent.js.map
C:\Working\Github\AngularNotesApp\AngularNotesApp\AngularNotes\src\app\mock-notes.js
C:\Working\Github\AngularNotesApp\AngularNotesApp\AngularNotes\src\app\mock-notes.js.map
C:\Working\Github\AngularNotesApp\AngularNotesApp\AngularNotes\src\app\note.service.js
C:\Working\Github\AngularNotesApp\AngularNotesApp\AngularNotes\src\app\note.service.js.map
C:\Working\Github\AngularNotesApp\AngularNotesApp\AngularNotes\src\app\components\NoteListComponent.js
C:\Working\Github\AngularNotesApp\AngularNotesApp\AngularNotes\src\app\components\NoteListComponent.js.map
C:\Working\Github\AngularNotesApp\AngularNotesApp\AngularNotes\src\app\components\EditNoteComponent.js
C:\Working\Github\AngularNotesApp\AngularNotesApp\AngularNotes\src\app\components\EditNoteComponent.js.map
C:\Working\Github\AngularNotesApp\AngularNotesApp\AngularNotes\src\app\components\ToDoListComponent.js
C:\Working\Github\AngularNotesApp\AngularNotesApp\AngularNotes\src\app\components\ToDoListComponent.js.map
C:\Working\Github\AngularNotesApp\AngularNotesApp\AngularNotes\src\app\components\MainComponent.js
C:\Working\Github\AngularNotesApp\AngularNotesApp\AngularNotes\src\app\components\MainComponent.js.map
C:\Working\Github\AngularNotesApp\AngularNotesApp\AngularNotes\src\app\app.module.js
C:\Working\Github\AngularNotesApp\AngularNotesApp\AngularNotes\src\app\app.module.js.map
C:\Working\Github\AngularNotesApp\AngularNotesApp\AngularNotes\src\main.js
C:\Working\Github\AngularNotesApp\AngularNotesApp\AngularNotes\src\main.js.map
C:\Working\Github\AngularNotesApp\AngularNotesApp\AngularNotes\src\app\models\Todo.js
C:\Working\Github\AngularNotesApp\AngularNotesApp\AngularNotes\src\app\models\Todo.js.map
C:\Working\Github\AngularNotesApp\AngularNotesApp\AngularNotes\src\app\models\Note.js
C:\Working\Github\AngularNotesApp\AngularNotesApp\AngularNotes\src\app\models\Note.js.map
C:\Working\Github\AngularNotesApp\AngularNotesApp\AngularNotes\src\app\components\ColorPickerComponent.js
C:\Working\Github\AngularNotesApp\AngularNotesApp\AngularNotes\src\app\components\ColorPickerComponent.js.map
C:\Working\Github\AngularNotesApp\AngularNotesApp\AngularNotes\src\app\mock-notes.js
C:\Working\Github\AngularNotesApp\AngularNotesApp\AngularNotes\src\app\mock-notes.js.map
C:\Working\Github\AngularNotesApp\AngularNotesApp\AngularNotes\src\app\note.service.js
C:\Working\Github\AngularNotesApp\AngularNotesApp\AngularNotes\src\app\note.service.js.map
C:\Working\Github\AngularNotesApp\AngularNotesApp\AngularNotes\src\app\components\NoteListComponent.js
C:\Working\Github\AngularNotesApp\AngularNotesApp\AngularNotes\src\app\components\NoteListComponent.js.map
C:\Working\Github\AngularNotesApp\AngularNotesApp\AngularNotes\src\app\components\EditNoteComponent.js
C:\Working\Github\AngularNotesApp\AngularNotesApp\AngularNotes\src\app\components\EditNoteComponent.js.map
C:\Working\Github\AngularNotesApp\AngularNotesApp\AngularNotes\src\app\components\ToDoListComponent.js
C:\Working\Github\AngularNotesApp\AngularNotesApp\AngularNotes\src\app\components\ToDoListComponent.js.map
C:\Working\Github\AngularNotesApp\AngularNotesApp\AngularNotes\src\app\components\MainComponent.js
C:\Working\Github\AngularNotesApp\AngularNotesApp\AngularNotes\src\app\components\MainComponent.js.map
C:\Working\Github\AngularNotesApp\AngularNotesApp\AngularNotes\src\app\app.module.js
C:\Working\Github\AngularNotesApp\AngularNotesApp\AngularNotes\src\app\app.module.js.map
C:\Working\Github\AngularNotesApp\AngularNotesApp\AngularNotes\src\main.js
C:\Working\Github\AngularNotesApp\AngularNotesApp\AngularNotes\src\main.js.map
C:\Working\Github\AngularNotesApp\AngularNotesApp\AngularNotes\src\app\models\Todo.js
C:\Working\Github\AngularNotesApp\AngularNotesApp\AngularNotes\src\app\models\Todo.js.map
C:\Working\Github\AngularNotesApp\AngularNotesApp\AngularNotes\src\app\models\Note.js
C:\Working\Github\AngularNotesApp\AngularNotesApp\AngularNotes\src\app\models\Note.js.map
C:\Working\Github\AngularNotesApp\AngularNotesApp\AngularNotes\src\app\components\ColorPickerComponent.js
C:\Working\Github\AngularNotesApp\AngularNotesApp\AngularNotes\src\app\components\ColorPickerComponent.js.map
C:\Working\Github\AngularNotesApp\AngularNotesApp\AngularNotes\src\app\mock-notes.js
C:\Working\Github\AngularNotesApp\AngularNotesApp\AngularNotes\src\app\mock-notes.js.map
C:\Working\Github\AngularNotesApp\AngularNotesApp\AngularNotes\src\app\note.service.js
C:\Working\Github\AngularNotesApp\AngularNotesApp\AngularNotes\src\app\note.service.js.map
C:\Working\Github\AngularNotesApp\AngularNotesApp\AngularNotes\src\app\components\NoteListComponent.js
C:\Working\Github\AngularNotesApp\AngularNotesApp\AngularNotes\src\app\components\NoteListComponent.js.map
C:\Working\Github\AngularNotesApp\AngularNotesApp\AngularNotes\src\app\components\EditNoteComponent.js
C:\Working\Github\AngularNotesApp\AngularNotesApp\AngularNotes\src\app\components\EditNoteComponent.js.map
C:\Working\Github\AngularNotesApp\AngularNotesApp\AngularNotes\src\app\components\ToDoListComponent.js
C:\Working\Github\AngularNotesApp\AngularNotesApp\AngularNotes\src\app\components\ToDoListComponent.js.map
C:\Working\Github\AngularNotesApp\AngularNotesApp\AngularNotes\src\app\components\MainComponent.js
C:\Working\Github\AngularNotesApp\AngularNotesApp\AngularNotes\src\app\components\MainComponent.js.map
C:\Working\Github\AngularNotesApp\AngularNotesApp\AngularNotes\src\app\app.module.js
C:\Working\Github\AngularNotesApp\AngularNotesApp\AngularNotes\src\app\app.module.js.map
C:\Working\Github\AngularNotesApp\AngularNotesApp\AngularNotes\src\main.js
C:\Working\Github\AngularNotesApp\AngularNotesApp\AngularNotes\src\main.js.map
C:\Working\Github\AngularNotesApp\AngularNotesApp\AngularNotes\src\app\models\Todo.js
C:\Working\Github\AngularNotesApp\AngularNotesApp\AngularNotes\src\app\models\Todo.js.map
C:\Working\Github\AngularNotesApp\AngularNotesApp\AngularNotes\src\app\models\Note.js
C:\Working\Github\AngularNotesApp\AngularNotesApp\AngularNotes\src\app\models\Note.js.map
C:\Working\Github\AngularNotesApp\AngularNotesApp\AngularNotes\src\app\components\ColorPickerComponent.js
C:\Working\Github\AngularNotesApp\AngularNotesApp\AngularNotes\src\app\components\ColorPickerComponent.js.map
C:\Working\Github\AngularNotesApp\AngularNotesApp\AngularNotes\src\app\mock-notes.js
C:\Working\Github\AngularNotesApp\AngularNotesApp\AngularNotes\src\app\mock-notes.js.map
C:\Working\Github\AngularNotesApp\AngularNotesApp\AngularNotes\src\app\note.service.js
C:\Working\Github\AngularNotesApp\AngularNotesApp\AngularNotes\src\app\note.service.js.map
C:\Working\Github\AngularNotesApp\AngularNotesApp\AngularNotes\src\app\components\NoteListComponent.js
C:\Working\Github\AngularNotesApp\AngularNotesApp\AngularNotes\src\app\components\NoteListComponent.js.map
C:\Working\Github\AngularNotesApp\AngularNotesApp\AngularNotes\src\app\components\EditNoteComponent.js
C:\Working\Github\AngularNotesApp\AngularNotesApp\AngularNotes\src\app\components\EditNoteComponent.js.map
C:\Working\Github\AngularNotesApp\AngularNotesApp\AngularNotes\src\app\components\ToDoListComponent.js
C:\Working\Github\AngularNotesApp\AngularNotesApp\AngularNotes\src\app\components\ToDoListComponent.js.map
C:\Working\Github\AngularNotesApp\AngularNotesApp\AngularNotes\src\app\components\MainComponent.js
C:\Working\Github\AngularNotesApp\AngularNotesApp\AngularNotes\src\app\components\MainComponent.js.map
C:\Working\Github\AngularNotesApp\AngularNotesApp\AngularNotes\src\app\app.module.js
C:\Working\Github\AngularNotesApp\AngularNotesApp\AngularNotes\src\app\app.module.js.map
C:\Working\Github\AngularNotesApp\AngularNotesApp\AngularNotes\src\main.js
C:\Working\Github\AngularNotesApp\AngularNotesApp\AngularNotes\src\main.js.map
C:\Working\Github\AngularNotesApp\AngularNotesApp\AngularNotes\src\app\models\Todo.js
C:\Working\Github\AngularNotesApp\AngularNotesApp\AngularNotes\src\app\models\Todo.js.map
C:\Working\Github\AngularNotesApp\AngularNotesApp\AngularNotes\src\app\models\Note.js
C:\Working\Github\AngularNotesApp\AngularNotesApp\AngularNotes\src\app\models\Note.js.map
C:\Working\Github\AngularNotesApp\AngularNotesApp\AngularNotes\src\app\components\ColorPickerComponent.js
C:\Working\Github\AngularNotesApp\AngularNotesApp\AngularNotes\src\app\components\ColorPickerComponent.js.map
C:\Working\Github\AngularNotesApp\AngularNotesApp\AngularNotes\src\app\mock-notes.js
C:\Working\Github\AngularNotesApp\AngularNotesApp\AngularNotes\src\app\mock-notes.js.map
C:\Working\Github\AngularNotesApp\AngularNotesApp\AngularNotes\src\app\note.service.js
C:\Working\Github\AngularNotesApp\AngularNotesApp\AngularNotes\src\app\note.service.js.map
C:\Working\Github\AngularNotesApp\AngularNotesApp\AngularNotes\src\app\components\NoteListComponent.js
C:\Working\Github\AngularNotesApp\AngularNotesApp\AngularNotes\src\app\components\NoteListComponent.js.map
C:\Working\Github\AngularNotesApp\AngularNotesApp\AngularNotes\src\app\components\EditNoteComponent.js
C:\Working\Github\AngularNotesApp\AngularNotesApp\AngularNotes\src\app\components\EditNoteComponent.js.map
C:\Working\Github\AngularNotesApp\AngularNotesApp\AngularNotes\src\app\components\ToDoListComponent.js
C:\Working\Github\AngularNotesApp\AngularNotesApp\AngularNotes\src\app\components\ToDoListComponent.js.map
C:\Working\Github\AngularNotesApp\AngularNotesApp\AngularNotes\src\app\components\MainComponent.js
C:\Working\Github\AngularNotesApp\AngularNotesApp\AngularNotes\src\app\components\MainComponent.js.map
C:\Working\Github\AngularNotesApp\AngularNotesApp\AngularNotes\src\app\app.module.js
C:\Working\Github\AngularNotesApp\AngularNotesApp\AngularNotes\src\app\app.module.js.map
C:\Working\Github\AngularNotesApp\AngularNotesApp\AngularNotes\src\main.js
C:\Working\Github\AngularNotesApp\AngularNotesApp\AngularNotes\src\main.js.map
C:\Working\Github\AngularNotesApp\AngularNotesApp\AngularNotes\src\app\models\Todo.js
C:\Working\Github\AngularNotesApp\AngularNotesApp\AngularNotes\src\app\models\Todo.js.map
C:\Working\Github\AngularNotesApp\AngularNotesApp\AngularNotes\src\app\models\Note.js
C:\Working\Github\AngularNotesApp\AngularNotesApp\AngularNotes\src\app\models\Note.js.map
C:\Working\Github\AngularNotesApp\AngularNotesApp\AngularNotes\src\app\components\ColorPickerComponent.js
C:\Working\Github\AngularNotesApp\AngularNotesApp\AngularNotes\src\app\components\ColorPickerComponent.js.map
C:\Working\Github\AngularNotesApp\AngularNotesApp\AngularNotes\src\app\mock-notes.js
C:\Working\Github\AngularNotesApp\AngularNotesApp\AngularNotes\src\app\mock-notes.js.map
C:\Working\Github\AngularNotesApp\AngularNotesApp\AngularNotes\src\app\note.service.js
C:\Working\Github\AngularNotesApp\AngularNotesApp\AngularNotes\src\app\note.service.js.map
C:\Working\Github\AngularNotesApp\AngularNotesApp\AngularNotes\src\app\components\NoteListComponent.js
C:\Working\Github\AngularNotesApp\AngularNotesApp\AngularNotes\src\app\components\NoteListComponent.js.map
C:\Working\Github\AngularNotesApp\AngularNotesApp\AngularNotes\src\app\components\EditNoteComponent.js
C:\Working\Github\AngularNotesApp\AngularNotesApp\AngularNotes\src\app\components\EditNoteComponent.js.map
C:\Working\Github\AngularNotesApp\AngularNotesApp\AngularNotes\src\app\components\ToDoListComponent.js
C:\Working\Github\AngularNotesApp\AngularNotesApp\AngularNotes\src\app\components\ToDoListComponent.js.map
C:\Working\Github\AngularNotesApp\AngularNotesApp\AngularNotes\src\app\components\MainComponent.js
C:\Working\Github\AngularNotesApp\AngularNotesApp\AngularNotes\src\app\components\MainComponent.js.map
C:\Working\Github\AngularNotesApp\AngularNotesApp\AngularNotes\src\app\app.module.js
C:\Working\Github\AngularNotesApp\AngularNotesApp\AngularNotes\src\app\app.module.js.map
C:\Working\Github\AngularNotesApp\AngularNotesApp\AngularNotes\src\main.js
C:\Working\Github\AngularNotesApp\AngularNotesApp\AngularNotes\src\main.js.map
C:\Working\Github\AngularNotesApp\AngularNotesApp\AngularNotes\src\app\models\Todo.js
C:\Working\Github\AngularNotesApp\AngularNotesApp\AngularNotes\src\app\models\Todo.js.map
C:\Working\Github\AngularNotesApp\AngularNotesApp\AngularNotes\src\app\models\Note.js
C:\Working\Github\AngularNotesApp\AngularNotesApp\AngularNotes\src\app\models\Note.js.map
C:\Working\Github\AngularNotesApp\AngularNotesApp\AngularNotes\src\app\components\ColorPickerComponent.js
C:\Working\Github\AngularNotesApp\AngularNotesApp\AngularNotes\src\app\components\ColorPickerComponent.js.map
C:\Working\Github\AngularNotesApp\AngularNotesApp\AngularNotes\src\app\mock-notes.js
C:\Working\Github\AngularNotesApp\AngularNotesApp\AngularNotes\src\app\mock-notes.js.map
C:\Working\Github\AngularNotesApp\AngularNotesApp\AngularNotes\src\app\note.service.js
C:\Working\Github\AngularNotesApp\AngularNotesApp\AngularNotes\src\app\note.service.js.map
C:\Working\Github\AngularNotesApp\AngularNotesApp\AngularNotes\src\app\components\NoteListComponent.js
C:\Working\Github\AngularNotesApp\AngularNotesApp\AngularNotes\src\app\components\NoteListComponent.js.map
C:\Working\Github\AngularNotesApp\AngularNotesApp\AngularNotes\src\app\components\EditNoteComponent.js
C:\Working\Github\AngularNotesApp\AngularNotesApp\AngularNotes\src\app\components\EditNoteComponent.js.map
C:\Working\Github\AngularNotesApp\AngularNotesApp\AngularNotes\src\app\components\ToDoListComponent.js
C:\Working\Github\AngularNotesApp\AngularNotesApp\AngularNotes\src\app\components\ToDoListComponent.js.map
C:\Working\Github\AngularNotesApp\AngularNotesApp\AngularNotes\src\app\components\MainComponent.js
C:\Working\Github\AngularNotesApp\AngularNotesApp\AngularNotes\src\app\components\MainComponent.js.map
C:\Working\Github\AngularNotesApp\AngularNotesApp\AngularNotes\src\app\app.module.js
C:\Working\Github\AngularNotesApp\AngularNotesApp\AngularNotes\src\app\app.module.js.map
C:\Working\Github\AngularNotesApp\AngularNotesApp\AngularNotes\src\main.js
C:\Working\Github\AngularNotesApp\AngularNotesApp\AngularNotes\src\main.js.map
C:\Working\Github\AngularNotesApp\AngularNotesApp\AngularNotes\src\app\models\Todo.js
C:\Working\Github\AngularNotesApp\AngularNotesApp\AngularNotes\src\app\models\Todo.js.map
C:\Working\Github\AngularNotesApp\AngularNotesApp\AngularNotes\src\app\models\Note.js
C:\Working\Github\AngularNotesApp\AngularNotesApp\AngularNotes\src\app\models\Note.js.map
C:\Working\Github\AngularNotesApp\AngularNotesApp\AngularNotes\src\app\components\ColorPickerComponent.js
C:\Working\Github\AngularNotesApp\AngularNotesApp\AngularNotes\src\app\components\ColorPickerComponent.js.map
C:\Working\Github\AngularNotesApp\AngularNotesApp\AngularNotes\src\app\mock-notes.js
C:\Working\Github\AngularNotesApp\AngularNotesApp\AngularNotes\src\app\mock-notes.js.map
C:\Working\Github\AngularNotesApp\AngularNotesApp\AngularNotes\src\app\note.service.js
C:\Working\Github\AngularNotesApp\AngularNotesApp\AngularNotes\src\app\note.service.js.map
C:\Working\Github\AngularNotesApp\AngularNotesApp\AngularNotes\src\app\components\NoteListComponent.js
C:\Working\Github\AngularNotesApp\AngularNotesApp\AngularNotes\src\app\components\NoteListComponent.js.map
C:\Working\Github\AngularNotesApp\AngularNotesApp\AngularNotes\src\app\components\EditNoteComponent.js
C:\Working\Github\AngularNotesApp\AngularNotesApp\AngularNotes\src\app\components\EditNoteComponent.js.map
C:\Working\Github\AngularNotesApp\AngularNotesApp\AngularNotes\src\app\components\ToDoListComponent.js
C:\Working\Github\AngularNotesApp\AngularNotesApp\AngularNotes\src\app\components\ToDoListComponent.js.map
C:\Working\Github\AngularNotesApp\AngularNotesApp\AngularNotes\src\app\components\MainComponent.js
C:\Working\Github\AngularNotesApp\AngularNotesApp\AngularNotes\src\app\components\MainComponent.js.map
C:\Working\Github\AngularNotesApp\AngularNotesApp\AngularNotes\src\app\app.module.js
C:\Working\Github\AngularNotesApp\AngularNotesApp\AngularNotes\src\app\app.module.js.map
C:\Working\Github\AngularNotesApp\AngularNotesApp\AngularNotes\src\main.js
C:\Working\Github\AngularNotesApp\AngularNotesApp\AngularNotes\src\main.js.map
C:\Working\Github\AngularNotesApp\AngularNotesApp\AngularNotes\src\app\models\Todo.js
C:\Working\Github\AngularNotesApp\AngularNotesApp\AngularNotes\src\app\models\Todo.js.map
C:\Working\Github\AngularNotesApp\AngularNotesApp\AngularNotes\src\app\models\Note.js
C:\Working\Github\AngularNotesApp\AngularNotesApp\AngularNotes\src\app\models\Note.js.map
C:\Working\Github\AngularNotesApp\AngularNotesApp\AngularNotes\src\app\components\ColorPickerComponent.js
C:\Working\Github\AngularNotesApp\AngularNotesApp\AngularNotes\src\app\components\ColorPickerComponent.js.map
C:\Working\Github\AngularNotesApp\AngularNotesApp\AngularNotes\src\app\mock-notes.js
C:\Working\Github\AngularNotesApp\AngularNotesApp\AngularNotes\src\app\mock-notes.js.map
C:\Working\Github\AngularNotesApp\AngularNotesApp\AngularNotes\src\app\note.service.js
C:\Working\Github\AngularNotesApp\AngularNotesApp\AngularNotes\src\app\note.service.js.map
C:\Working\Github\AngularNotesApp\AngularNotesApp\AngularNotes\src\app\components\NoteListComponent.js
C:\Working\Github\AngularNotesApp\AngularNotesApp\AngularNotes\src\app\components\NoteListComponent.js.map
C:\Working\Github\AngularNotesApp\AngularNotesApp\AngularNotes\src\app\components\EditNoteComponent.js
C:\Working\Github\AngularNotesApp\AngularNotesApp\AngularNotes\src\app\components\EditNoteComponent.js.map
C:\Working\Github\AngularNotesApp\AngularNotesApp\AngularNotes\src\app\components\ToDoListComponent.js
C:\Working\Github\AngularNotesApp\AngularNotesApp\AngularNotes\src\app\components\ToDoListComponent.js.map
C:\Working\Github\AngularNotesApp\AngularNotesApp\AngularNotes\src\app\components\MainComponent.js
C:\Working\Github\AngularNotesApp\AngularNotesApp\AngularNotes\src\app\components\MainComponent.js.map
C:\Working\Github\AngularNotesApp\AngularNotesApp\AngularNotes\src\app\app.module.js
C:\Working\Github\AngularNotesApp\AngularNotesApp\AngularNotes\src\app\app.module.js.map
C:\Working\Github\AngularNotesApp\AngularNotesApp\AngularNotes\src\main.js
C:\Working\Github\AngularNotesApp\AngularNotesApp\AngularNotes\src\main.js.map
C:\Working\Github\AngularNotesApp\AngularNotesApp\AngularNotes\src\app\models\Todo.js
C:\Working\Github\AngularNotesApp\AngularNotesApp\AngularNotes\src\app\models\Todo.js.map
C:\Working\Github\AngularNotesApp\AngularNotesApp\AngularNotes\src\app\models\Note.js
C:\Working\Github\AngularNotesApp\AngularNotesApp\AngularNotes\src\app\models\Note.js.map
C:\Working\Github\AngularNotesApp\AngularNotesApp\AngularNotes\src\app\components\ColorPickerComponent.js
C:\Working\Github\AngularNotesApp\AngularNotesApp\AngularNotes\src\app\components\ColorPickerComponent.js.map
C:\Working\Github\AngularNotesApp\AngularNotesApp\AngularNotes\src\app\mock-notes.js
C:\Working\Github\AngularNotesApp\AngularNotesApp\AngularNotes\src\app\mock-notes.js.map
C:\Working\Github\AngularNotesApp\AngularNotesApp\AngularNotes\src\app\note.service.js
C:\Working\Github\AngularNotesApp\AngularNotesApp\AngularNotes\src\app\note.service.js.map
C:\Working\Github\AngularNotesApp\AngularNotesApp\AngularNotes\src\app\components\NoteListComponent.js
C:\Working\Github\AngularNotesApp\AngularNotesApp\AngularNotes\src\app\components\NoteListComponent.js.map
C:\Working\Github\AngularNotesApp\AngularNotesApp\AngularNotes\src\app\components\EditNoteComponent.js
C:\Working\Github\AngularNotesApp\AngularNotesApp\AngularNotes\src\app\components\EditNoteComponent.js.map
C:\Working\Github\AngularNotesApp\AngularNotesApp\AngularNotes\src\app\components\ToDoListComponent.js
C:\Working\Github\AngularNotesApp\AngularNotesApp\AngularNotes\src\app\components\ToDoListComponent.js.map
C:\Working\Github\AngularNotesApp\AngularNotesApp\AngularNotes\src\app\components\MainComponent.js
C:\Working\Github\AngularNotesApp\AngularNotesApp\AngularNotes\src\app\components\MainComponent.js.map
C:\Working\Github\AngularNotesApp\AngularNotesApp\AngularNotes\src\app\app.module.js
C:\Working\Github\AngularNotesApp\AngularNotesApp\AngularNotes\src\app\app.module.js.map
C:\Working\Github\AngularNotesApp\AngularNotesApp\AngularNotes\src\main.js
C:\Working\Github\AngularNotesApp\AngularNotesApp\AngularNotes\src\main.js.map
C:\Working\Github\AngularNotesApp\AngularNotesApp\AngularNotes\src\app\models\Todo.js
C:\Working\Github\AngularNotesApp\AngularNotesApp\AngularNotes\src\app\models\Todo.js.map
C:\Working\Github\AngularNotesApp\AngularNotesApp\AngularNotes\src\app\models\Note.js
C:\Working\Github\AngularNotesApp\AngularNotesApp\AngularNotes\src\app\models\Note.js.map
C:\Working\Github\AngularNotesApp\AngularNotesApp\AngularNotes\src\app\components\ColorPickerComponent.js
C:\Working\Github\AngularNotesApp\AngularNotesApp\AngularNotes\src\app\components\ColorPickerComponent.js.map
C:\Working\Github\AngularNotesApp\AngularNotesApp\AngularNotes\src\app\mock-notes.js
C:\Working\Github\AngularNotesApp\AngularNotesApp\AngularNotes\src\app\mock-notes.js.map
C:\Working\Github\AngularNotesApp\AngularNotesApp\AngularNotes\src\app\note.service.js
C:\Working\Github\AngularNotesApp\AngularNotesApp\AngularNotes\src\app\note.service.js.map
C:\Working\Github\AngularNotesApp\AngularNotesApp\AngularNotes\src\app\components\NoteListComponent.js
C:\Working\Github\AngularNotesApp\AngularNotesApp\AngularNotes\src\app\components\NoteListComponent.js.map
C:\Working\Github\AngularNotesApp\AngularNotesApp\AngularNotes\src\app\components\EditNoteComponent.js
C:\Working\Github\AngularNotesApp\AngularNotesApp\AngularNotes\src\app\components\EditNoteComponent.js.map
C:\Working\Github\AngularNotesApp\AngularNotesApp\AngularNotes\src\app\components\ToDoListComponent.js
C:\Working\Github\AngularNotesApp\AngularNotesApp\AngularNotes\src\app\components\ToDoListComponent.js.map
C:\Working\Github\AngularNotesApp\AngularNotesApp\AngularNotes\src\app\components\MainComponent.js
C:\Working\Github\AngularNotesApp\AngularNotesApp\AngularNotes\src\app\components\MainComponent.js.map
C:\Working\Github\AngularNotesApp\AngularNotesApp\AngularNotes\src\app\app.module.js
C:\Working\Github\AngularNotesApp\AngularNotesApp\AngularNotes\src\app\app.module.js.map
C:\Working\Github\AngularNotesApp\AngularNotesApp\AngularNotes\src\main.js
C:\Working\Github\AngularNotesApp\AngularNotesApp\AngularNotes\src\main.js.map
C:\Working\Github\AngularNotesApp\AngularNotesApp\AngularNotes\src\app\models\Todo.js
C:\Working\Github\AngularNotesApp\AngularNotesApp\AngularNotes\src\app\models\Todo.js.map
C:\Working\Github\AngularNotesApp\AngularNotesApp\AngularNotes\src\app\models\Note.js
C:\Working\Github\AngularNotesApp\AngularNotesApp\AngularNotes\src\app\models\Note.js.map
C:\Working\Github\AngularNotesApp\AngularNotesApp\AngularNotes\src\app\components\ColorPickerComponent.js
C:\Working\Github\AngularNotesApp\AngularNotesApp\AngularNotes\src\app\components\ColorPickerComponent.js.map
C:\Working\Github\AngularNotesApp\AngularNotesApp\AngularNotes\src\app\mock-notes.js
C:\Working\Github\AngularNotesApp\AngularNotesApp\AngularNotes\src\app\mock-notes.js.map
C:\Working\Github\AngularNotesApp\AngularNotesApp\AngularNotes\src\app\note.service.js
C:\Working\Github\AngularNotesApp\AngularNotesApp\AngularNotes\src\app\note.service.js.map
C:\Working\Github\AngularNotesApp\AngularNotesApp\AngularNotes\src\app\components\NoteListComponent.js
C:\Working\Github\AngularNotesApp\AngularNotesApp\AngularNotes\src\app\components\NoteListComponent.js.map
C:\Working\Github\AngularNotesApp\AngularNotesApp\AngularNotes\src\app\components\EditNoteComponent.js
C:\Working\Github\AngularNotesApp\AngularNotesApp\AngularNotes\src\app\components\EditNoteComponent.js.map
C:\Working\Github\AngularNotesApp\AngularNotesApp\AngularNotes\src\app\components\ToDoListComponent.js
C:\Working\Github\AngularNotesApp\AngularNotesApp\AngularNotes\src\app\components\ToDoListComponent.js.map
C:\Working\Github\AngularNotesApp\AngularNotesApp\AngularNotes\src\app\components\MainComponent.js
C:\Working\Github\AngularNotesApp\AngularNotesApp\AngularNotes\src\app\components\MainComponent.js.map
C:\Working\Github\AngularNotesApp\AngularNotesApp\AngularNotes\src\app\app.module.js
C:\Working\Github\AngularNotesApp\AngularNotesApp\AngularNotes\src\app\app.module.js.map
C:\Working\Github\AngularNotesApp\AngularNotesApp\AngularNotes\src\main.js
C:\Working\Github\AngularNotesApp\AngularNotesApp\AngularNotes\src\main.js.map
C:\Working\Github\AngularNotesApp\AngularNotesApp\AngularNotes\src\app\models\Todo.js
C:\Working\Github\AngularNotesApp\AngularNotesApp\AngularNotes\src\app\models\Todo.js.map
C:\Working\Github\AngularNotesApp\AngularNotesApp\AngularNotes\src\app\models\Note.js
C:\Working\Github\AngularNotesApp\AngularNotesApp\AngularNotes\src\app\models\Note.js.map
C:\Working\Github\AngularNotesApp\AngularNotesApp\AngularNotes\src\app\components\ColorPickerComponent.js
C:\Working\Github\AngularNotesApp\AngularNotesApp\AngularNotes\src\app\components\ColorPickerComponent.js.map
C:\Working\Github\AngularNotesApp\AngularNotesApp\AngularNotes\src\app\mock-notes.js
C:\Working\Github\AngularNotesApp\AngularNotesApp\AngularNotes\src\app\mock-notes.js.map
C:\Working\Github\AngularNotesApp\AngularNotesApp\AngularNotes\src\app\note.service.js
C:\Working\Github\AngularNotesApp\AngularNotesApp\AngularNotes\src\app\note.service.js.map
C:\Working\Github\AngularNotesApp\AngularNotesApp\AngularNotes\src\app\components\NoteListComponent.js
C:\Working\Github\AngularNotesApp\AngularNotesApp\AngularNotes\src\app\components\NoteListComponent.js.map
C:\Working\Github\AngularNotesApp\AngularNotesApp\AngularNotes\src\app\components\EditNoteComponent.js
C:\Working\Github\AngularNotesApp\AngularNotesApp\AngularNotes\src\app\components\EditNoteComponent.js.map
C:\Working\Github\AngularNotesApp\AngularNotesApp\AngularNotes\src\app\components\ToDoListComponent.js
C:\Working\Github\AngularNotesApp\AngularNotesApp\AngularNotes\src\app\components\ToDoListComponent.js.map
C:\Working\Github\AngularNotesApp\AngularNotesApp\AngularNotes\src\app\components\MainComponent.js
C:\Working\Github\AngularNotesApp\AngularNotesApp\AngularNotes\src\app\components\MainComponent.js.map
C:\Working\Github\AngularNotesApp\AngularNotesApp\AngularNotes\src\app\app.module.js
C:\Working\Github\AngularNotesApp\AngularNotesApp\AngularNotes\src\app\app.module.js.map
C:\Working\Github\AngularNotesApp\AngularNotesApp\AngularNotes\src\main.js
C:\Working\Github\AngularNotesApp\AngularNotesApp\AngularNotes\src\main.js.map
C:\Working\Github\AngularNotesApp\AngularNotesApp\AngularNotes\src\app\models\Todo.js
C:\Working\Github\AngularNotesApp\AngularNotesApp\AngularNotes\src\app\models\Todo.js.map
C:\Working\Github\AngularNotesApp\AngularNotesApp\AngularNotes\src\app\models\Note.js
C:\Working\Github\AngularNotesApp\AngularNotesApp\AngularNotes\src\app\models\Note.js.map
C:\Working\Github\AngularNotesApp\AngularNotesApp\AngularNotes\src\app\components\ColorPickerComponent.js
C:\Working\Github\AngularNotesApp\AngularNotesApp\AngularNotes\src\app\components\ColorPickerComponent.js.map
C:\Working\Github\AngularNotesApp\AngularNotesApp\AngularNotes\src\app\mock-notes.js
C:\Working\Github\AngularNotesApp\AngularNotesApp\AngularNotes\src\app\mock-notes.js.map
C:\Working\Github\AngularNotesApp\AngularNotesApp\AngularNotes\src\app\note.service.js
C:\Working\Github\AngularNotesApp\AngularNotesApp\AngularNotes\src\app\note.service.js.map
C:\Working\Github\AngularNotesApp\AngularNotesApp\AngularNotes\src\app\components\NoteListComponent.js
C:\Working\Github\AngularNotesApp\AngularNotesApp\AngularNotes\src\app\components\NoteListComponent.js.map
C:\Working\Github\AngularNotesApp\AngularNotesApp\AngularNotes\src\app\components\EditNoteComponent.js
C:\Working\Github\AngularNotesApp\AngularNotesApp\AngularNotes\src\app\components\EditNoteComponent.js.map
C:\Working\Github\AngularNotesApp\AngularNotesApp\AngularNotes\src\app\components\ToDoListComponent.js
C:\Working\Github\AngularNotesApp\AngularNotesApp\AngularNotes\src\app\components\ToDoListComponent.js.map
C:\Working\Github\AngularNotesApp\AngularNotesApp\AngularNotes\src\app\components\MainComponent.js
C:\Working\Github\AngularNotesApp\AngularNotesApp\AngularNotes\src\app\components\MainComponent.js.map
C:\Working\Github\AngularNotesApp\AngularNotesApp\AngularNotes\src\app\app.module.js
C:\Working\Github\AngularNotesApp\AngularNotesApp\AngularNotes\src\app\app.module.js.map
C:\Working\Github\AngularNotesApp\AngularNotesApp\AngularNotes\src\main.js
C:\Working\Github\AngularNotesApp\AngularNotesApp\AngularNotes\src\main.js.map
C:\Working\Github\AngularNotesApp\AngularNotesApp\AngularNotes\src\app\models\Todo.js
C:\Working\Github\AngularNotesApp\AngularNotesApp\AngularNotes\src\app\models\Todo.js.map
C:\Working\Github\AngularNotesApp\AngularNotesApp\AngularNotes\src\app\models\Note.js
C:\Working\Github\AngularNotesApp\AngularNotesApp\AngularNotes\src\app\models\Note.js.map
C:\Working\Github\AngularNotesApp\AngularNotesApp\AngularNotes\src\app\components\ColorPickerComponent.js
C:\Working\Github\AngularNotesApp\AngularNotesApp\AngularNotes\src\app\components\ColorPickerComponent.js.map
C:\Working\Github\AngularNotesApp\AngularNotesApp\AngularNotes\src\app\mock-notes.js
C:\Working\Github\AngularNotesApp\AngularNotesApp\AngularNotes\src\app\mock-notes.js.map
C:\Working\Github\AngularNotesApp\AngularNotesApp\AngularNotes\src\app\note.service.js
C:\Working\Github\AngularNotesApp\AngularNotesApp\AngularNotes\src\app\note.service.js.map
C:\Working\Github\AngularNotesApp\AngularNotesApp\AngularNotes\src\app\components\NoteListComponent.js
C:\Working\Github\AngularNotesApp\AngularNotesApp\AngularNotes\src\app\components\NoteListComponent.js.map
C:\Working\Github\AngularNotesApp\AngularNotesApp\AngularNotes\src\app\components\EditNoteComponent.js
C:\Working\Github\AngularNotesApp\AngularNotesApp\AngularNotes\src\app\components\EditNoteComponent.js.map
C:\Working\Github\AngularNotesApp\AngularNotesApp\AngularNotes\src\app\components\ToDoListComponent.js
C:\Working\Github\AngularNotesApp\AngularNotesApp\AngularNotes\src\app\components\ToDoListComponent.js.map
C:\Working\Github\AngularNotesApp\AngularNotesApp\AngularNotes\src\app\components\MainComponent.js
C:\Working\Github\AngularNotesApp\AngularNotesApp\AngularNotes\src\app\components\MainComponent.js.map
C:\Working\Github\AngularNotesApp\AngularNotesApp\AngularNotes\src\app\app.module.js
C:\Working\Github\AngularNotesApp\AngularNotesApp\AngularNotes\src\app\app.module.js.map
C:\Working\Github\AngularNotesApp\AngularNotesApp\AngularNotes\src\main.js
C:\Working\Github\AngularNotesApp\AngularNotesApp\AngularNotes\src\main.js.map
C:\Working\Github\AngularNotesApp\AngularNotesApp\AngularNotes\src\app\models\Todo.js
C:\Working\Github\AngularNotesApp\AngularNotesApp\AngularNotes\src\app\models\Todo.js.map
C:\Working\Github\AngularNotesApp\AngularNotesApp\AngularNotes\src\app\models\Note.js
C:\Working\Github\AngularNotesApp\AngularNotesApp\AngularNotes\src\app\models\Note.js.map
C:\Working\Github\AngularNotesApp\AngularNotesApp\AngularNotes\src\app\components\ColorPickerComponent.js
C:\Working\Github\AngularNotesApp\AngularNotesApp\AngularNotes\src\app\components\ColorPickerComponent.js.map
C:\Working\Github\AngularNotesApp\AngularNotesApp\AngularNotes\src\app\mock-notes.js
C:\Working\Github\AngularNotesApp\AngularNotesApp\AngularNotes\src\app\mock-notes.js.map
C:\Working\Github\AngularNotesApp\AngularNotesApp\AngularNotes\src\app\note.service.js
C:\Working\Github\AngularNotesApp\AngularNotesApp\AngularNotes\src\app\note.service.js.map
C:\Working\Github\AngularNotesApp\AngularNotesApp\AngularNotes\src\app\components\NoteListComponent.js
C:\Working\Github\AngularNotesApp\AngularNotesApp\AngularNotes\src\app\components\NoteListComponent.js.map
C:\Working\Github\AngularNotesApp\AngularNotesApp\AngularNotes\src\app\components\EditNoteComponent.js
C:\Working\Github\AngularNotesApp\AngularNotesApp\AngularNotes\src\app\components\EditNoteComponent.js.map
C:\Working\Github\AngularNotesApp\AngularNotesApp\AngularNotes\src\app\components\ToDoListComponent.js
C:\Working\Github\AngularNotesApp\AngularNotesApp\AngularNotes\src\app\components\ToDoListComponent.js.map
C:\Working\Github\AngularNotesApp\AngularNotesApp\AngularNotes\src\app\components\MainComponent.js
C:\Working\Github\AngularNotesApp\AngularNotesApp\AngularNotes\src\app\components\MainComponent.js.map
C:\Working\Github\AngularNotesApp\AngularNotesApp\AngularNotes\src\app\app.module.js
C:\Working\Github\AngularNotesApp\AngularNotesApp\AngularNotes\src\app\app.module.js.map
C:\Working\Github\AngularNotesApp\AngularNotesApp\AngularNotes\src\main.js
C:\Working\Github\AngularNotesApp\AngularNotesApp\AngularNotes\src\main.js.map
C:\Working\Github\AngularNotesApp\AngularNotesApp\AngularNotes\src\app\models\Todo.js
C:\Working\Github\AngularNotesApp\AngularNotesApp\AngularNotes\src\app\models\Todo.js.map
C:\Working\Github\AngularNotesApp\AngularNotesApp\AngularNotes\src\app\models\Note.js
C:\Working\Github\AngularNotesApp\AngularNotesApp\AngularNotes\src\app\models\Note.js.map
C:\Working\Github\AngularNotesApp\AngularNotesApp\AngularNotes\src\app\components\ColorPickerComponent.js
C:\Working\Github\AngularNotesApp\AngularNotesApp\AngularNotes\src\app\components\ColorPickerComponent.js.map
C:\Working\Github\AngularNotesApp\AngularNotesApp\AngularNotes\src\app\mock-notes.js
C:\Working\Github\AngularNotesApp\AngularNotesApp\AngularNotes\src\app\mock-notes.js.map
C:\Working\Github\AngularNotesApp\AngularNotesApp\AngularNotes\src\app\note.service.js
C:\Working\Github\AngularNotesApp\AngularNotesApp\AngularNotes\src\app\note.service.js.map
C:\Working\Github\AngularNotesApp\AngularNotesApp\AngularNotes\src\app\components\NoteListComponent.js
C:\Working\Github\AngularNotesApp\AngularNotesApp\AngularNotes\src\app\components\NoteListComponent.js.map
C:\Working\Github\AngularNotesApp\AngularNotesApp\AngularNotes\src\app\components\EditNoteComponent.js
C:\Working\Github\AngularNotesApp\AngularNotesApp\AngularNotes\src\app\components\EditNoteComponent.js.map
C:\Working\Github\AngularNotesApp\AngularNotesApp\AngularNotes\src\app\components\ToDoListComponent.js
C:\Working\Github\AngularNotesApp\AngularNotesApp\AngularNotes\src\app\components\ToDoListComponent.js.map
C:\Working\Github\AngularNotesApp\AngularNotesApp\AngularNotes\src\app\components\MainComponent.js
C:\Working\Github\AngularNotesApp\AngularNotesApp\AngularNotes\src\app\components\MainComponent.js.map
C:\Working\Github\AngularNotesApp\AngularNotesApp\AngularNotes\src\app\app.module.js
C:\Working\Github\AngularNotesApp\AngularNotesApp\AngularNotes\src\app\app.module.js.map
C:\Working\Github\AngularNotesApp\AngularNotesApp\AngularNotes\src\main.js
C:\Working\Github\AngularNotesApp\AngularNotesApp\AngularNotes\src\main.js.map
C:\Working\Github\AngularNotesApp\AngularNotesApp\AngularNotes\src\app\models\Todo.js
C:\Working\Github\AngularNotesApp\AngularNotesApp\AngularNotes\src\app\models\Todo.js.map
C:\Working\Github\AngularNotesApp\AngularNotesApp\AngularNotes\src\app\models\Note.js
C:\Working\Github\AngularNotesApp\AngularNotesApp\AngularNotes\src\app\models\Note.js.map
C:\Working\Github\AngularNotesApp\AngularNotesApp\AngularNotes\src\app\components\ColorPickerComponent.js
C:\Working\Github\AngularNotesApp\AngularNotesApp\AngularNotes\src\app\components\ColorPickerComponent.js.map
C:\Working\Github\AngularNotesApp\AngularNotesApp\AngularNotes\src\app\mock-notes.js
C:\Working\Github\AngularNotesApp\AngularNotesApp\AngularNotes\src\app\mock-notes.js.map
C:\Working\Github\AngularNotesApp\AngularNotesApp\AngularNotes\src\app\note.service.js
C:\Working\Github\AngularNotesApp\AngularNotesApp\AngularNotes\src\app\note.service.js.map
C:\Working\Github\AngularNotesApp\AngularNotesApp\AngularNotes\src\app\components\NoteListComponent.js
C:\Working\Github\AngularNotesApp\AngularNotesApp\AngularNotes\src\app\components\NoteListComponent.js.map
C:\Working\Github\AngularNotesApp\AngularNotesApp\AngularNotes\src\app\components\EditNoteComponent.js
C:\Working\Github\AngularNotesApp\AngularNotesApp\AngularNotes\src\app\components\EditNoteComponent.js.map
C:\Working\Github\AngularNotesApp\AngularNotesApp\AngularNotes\src\app\components\ToDoListComponent.js
C:\Working\Github\AngularNotesApp\AngularNotesApp\AngularNotes\src\app\components\ToDoListComponent.js.map
C:\Working\Github\AngularNotesApp\AngularNotesApp\AngularNotes\src\app\components\MainComponent.js
C:\Working\Github\AngularNotesApp\AngularNotesApp\AngularNotes\src\app\components\MainComponent.js.map
C:\Working\Github\AngularNotesApp\AngularNotesApp\AngularNotes\src\app\app.module.js
C:\Working\Github\AngularNotesApp\AngularNotesApp\AngularNotes\src\app\app.module.js.map
C:\Working\Github\AngularNotesApp\AngularNotesApp\AngularNotes\src\main.js
C:\Working\Github\AngularNotesApp\AngularNotesApp\AngularNotes\src\main.js.map
C:\Working\Github\AngularNotesApp\AngularNotesApp\AngularNotes\src\app\models\Todo.js
C:\Working\Github\AngularNotesApp\AngularNotesApp\AngularNotes\src\app\models\Todo.js.map
C:\Working\Github\AngularNotesApp\AngularNotesApp\AngularNotes\src\app\models\Note.js
C:\Working\Github\AngularNotesApp\AngularNotesApp\AngularNotes\src\app\models\Note.js.map
C:\Working\Github\AngularNotesApp\AngularNotesApp\AngularNotes\src\app\components\ColorPickerComponent.js
C:\Working\Github\AngularNotesApp\AngularNotesApp\AngularNotes\src\app\components\ColorPickerComponent.js.map
C:\Working\Github\AngularNotesApp\AngularNotesApp\AngularNotes\src\app\mock-notes.js
C:\Working\Github\AngularNotesApp\AngularNotesApp\AngularNotes\src\app\mock-notes.js.map
C:\Working\Github\AngularNotesApp\AngularNotesApp\AngularNotes\src\app\note.service.js
C:\Working\Github\AngularNotesApp\AngularNotesApp\AngularNotes\src\app\note.service.js.map
C:\Working\Github\AngularNotesApp\AngularNotesApp\AngularNotes\src\app\components\NoteListComponent.js
C:\Working\Github\AngularNotesApp\AngularNotesApp\AngularNotes\src\app\components\NoteListComponent.js.map
C:\Working\Github\AngularNotesApp\AngularNotesApp\AngularNotes\src\app\components\EditNoteComponent.js
C:\Working\Github\AngularNotesApp\AngularNotesApp\AngularNotes\src\app\components\EditNoteComponent.js.map
C:\Working\Github\AngularNotesApp\AngularNotesApp\AngularNotes\src\app\components\ToDoListComponent.js
C:\Working\Github\AngularNotesApp\AngularNotesApp\AngularNotes\src\app\components\ToDoListComponent.js.map
C:\Working\Github\AngularNotesApp\AngularNotesApp\AngularNotes\src\app\components\MainComponent.js
C:\Working\Github\AngularNotesApp\AngularNotesApp\AngularNotes\src\app\components\MainComponent.js.map
C:\Working\Github\AngularNotesApp\AngularNotesApp\AngularNotes\src\app\app.module.js
C:\Working\Github\AngularNotesApp\AngularNotesApp\AngularNotes\src\app\app.module.js.map
C:\Working\Github\AngularNotesApp\AngularNotesApp\AngularNotes\src\main.js
C:\Working\Github\AngularNotesApp\AngularNotesApp\AngularNotes\src\main.js.map
C:\Working\Github\AngularNotesApp\AngularNotesApp\AngularNotes\src\app\models\Todo.js
C:\Working\Github\AngularNotesApp\AngularNotesApp\AngularNotes\src\app\models\Todo.js.map
C:\Working\Github\AngularNotesApp\AngularNotesApp\AngularNotes\src\app\models\Note.js
C:\Working\Github\AngularNotesApp\AngularNotesApp\AngularNotes\src\app\models\Note.js.map
C:\Working\Github\AngularNotesApp\AngularNotesApp\AngularNotes\src\app\components\ColorPickerComponent.js
C:\Working\Github\AngularNotesApp\AngularNotesApp\AngularNotes\src\app\components\ColorPickerComponent.js.map
C:\Working\Github\AngularNotesApp\AngularNotesApp\AngularNotes\src\app\mock-notes.js
C:\Working\Github\AngularNotesApp\AngularNotesApp\AngularNotes\src\app\mock-notes.js.map
C:\Working\Github\AngularNotesApp\AngularNotesApp\AngularNotes\src\app\note.service.js
C:\Working\Github\AngularNotesApp\AngularNotesApp\AngularNotes\src\app\note.service.js.map
C:\Working\Github\AngularNotesApp\AngularNotesApp\AngularNotes\src\app\components\NoteListComponent.js
C:\Working\Github\AngularNotesApp\AngularNotesApp\AngularNotes\src\app\components\NoteListComponent.js.map
C:\Working\Github\AngularNotesApp\AngularNotesApp\AngularNotes\src\app\components\EditNoteComponent.js
C:\Working\Github\AngularNotesApp\AngularNotesApp\AngularNotes\src\app\components\EditNoteComponent.js.map
C:\Working\Github\AngularNotesApp\AngularNotesApp\AngularNotes\src\app\components\ToDoListComponent.js
C:\Working\Github\AngularNotesApp\AngularNotesApp\AngularNotes\src\app\components\ToDoListComponent.js.map
C:\Working\Github\AngularNotesApp\AngularNotesApp\AngularNotes\src\app\components\MainComponent.js
C:\Working\Github\AngularNotesApp\AngularNotesApp\AngularNotes\src\app\components\MainComponent.js.map
C:\Working\Github\AngularNotesApp\AngularNotesApp\AngularNotes\src\app\app.module.js
C:\Working\Github\AngularNotesApp\AngularNotesApp\AngularNotes\src\app\app.module.js.map
C:\Working\Github\AngularNotesApp\AngularNotesApp\AngularNotes\src\main.js
C:\Working\Github\AngularNotesApp\AngularNotesApp\AngularNotes\src\main.js.map
C:\Working\Github\AngularNotesApp\AngularNotesApp\AngularNotes\src\app\models\Todo.js
C:\Working\Github\AngularNotesApp\AngularNotesApp\AngularNotes\src\app\models\Todo.js.map
C:\Working\Github\AngularNotesApp\AngularNotesApp\AngularNotes\src\app\models\Note.js
C:\Working\Github\AngularNotesApp\AngularNotesApp\AngularNotes\src\app\models\Note.js.map
C:\Working\Github\AngularNotesApp\AngularNotesApp\AngularNotes\src\app\components\ColorPickerComponent.js
C:\Working\Github\AngularNotesApp\AngularNotesApp\AngularNotes\src\app\components\ColorPickerComponent.js.map
C:\Working\Github\AngularNotesApp\AngularNotesApp\AngularNotes\src\app\mock-notes.js
C:\Working\Github\AngularNotesApp\AngularNotesApp\AngularNotes\src\app\mock-notes.js.map
C:\Working\Github\AngularNotesApp\AngularNotesApp\AngularNotes\src\app\note.service.js
C:\Working\Github\AngularNotesApp\AngularNotesApp\AngularNotes\src\app\note.service.js.map
C:\Working\Github\AngularNotesApp\AngularNotesApp\AngularNotes\src\app\components\NoteListComponent.js
C:\Working\Github\AngularNotesApp\AngularNotesApp\AngularNotes\src\app\components\NoteListComponent.js.map
C:\Working\Github\AngularNotesApp\AngularNotesApp\AngularNotes\src\app\components\EditNoteComponent.js
C:\Working\Github\AngularNotesApp\AngularNotesApp\AngularNotes\src\app\components\EditNoteComponent.js.map
C:\Working\Github\AngularNotesApp\AngularNotesApp\AngularNotes\src\app\components\ToDoListComponent.js
C:\Working\Github\AngularNotesApp\AngularNotesApp\AngularNotes\src\app\components\ToDoListComponent.js.map
C:\Working\Github\AngularNotesApp\AngularNotesApp\AngularNotes\src\app\components\MainComponent.js
C:\Working\Github\AngularNotesApp\AngularNotesApp\AngularNotes\src\app\components\MainComponent.js.map
C:\Working\Github\AngularNotesApp\AngularNotesApp\AngularNotes\src\app\app.module.js
C:\Working\Github\AngularNotesApp\AngularNotesApp\AngularNotes\src\app\app.module.js.map
C:\Working\Github\AngularNotesApp\AngularNotesApp\AngularNotes\src\main.js
C:\Working\Github\AngularNotesApp\AngularNotesApp\AngularNotes\src\main.js.map
C:\Working\Github\AngularNotesApp\AngularNotesApp\AngularNotes\src\app\models\Todo.js
C:\Working\Github\AngularNotesApp\AngularNotesApp\AngularNotes\src\app\models\Todo.js.map
C:\Working\Github\AngularNotesApp\AngularNotesApp\AngularNotes\src\app\models\Note.js
C:\Working\Github\AngularNotesApp\AngularNotesApp\AngularNotes\src\app\models\Note.js.map
C:\Working\Github\AngularNotesApp\AngularNotesApp\AngularNotes\src\app\components\ColorPickerComponent.js
C:\Working\Github\AngularNotesApp\AngularNotesApp\AngularNotes\src\app\components\ColorPickerComponent.js.map
C:\Working\Github\AngularNotesApp\AngularNotesApp\AngularNotes\src\app\mock-notes.js
C:\Working\Github\AngularNotesApp\AngularNotesApp\AngularNotes\src\app\mock-notes.js.map
C:\Working\Github\AngularNotesApp\AngularNotesApp\AngularNotes\src\app\note.service.js
C:\Working\Github\AngularNotesApp\AngularNotesApp\AngularNotes\src\app\note.service.js.map
C:\Working\Github\AngularNotesApp\AngularNotesApp\AngularNotes\src\app\components\NoteListComponent.js
C:\Working\Github\AngularNotesApp\AngularNotesApp\AngularNotes\src\app\components\NoteListComponent.js.map
C:\Working\Github\AngularNotesApp\AngularNotesApp\AngularNotes\src\app\components\EditNoteComponent.js
C:\Working\Github\AngularNotesApp\AngularNotesApp\AngularNotes\src\app\components\EditNoteComponent.js.map
C:\Working\Github\AngularNotesApp\AngularNotesApp\AngularNotes\src\app\components\ToDoListComponent.js
C:\Working\Github\AngularNotesApp\AngularNotesApp\AngularNotes\src\app\components\ToDoListComponent.js.map
C:\Working\Github\AngularNotesApp\AngularNotesApp\AngularNotes\src\app\components\MainComponent.js
C:\Working\Github\AngularNotesApp\AngularNotesApp\AngularNotes\src\app\components\MainComponent.js.map
C:\Working\Github\AngularNotesApp\AngularNotesApp\AngularNotes\src\app\app.module.js
C:\Working\Github\AngularNotesApp\AngularNotesApp\AngularNotes\src\app\app.module.js.map
C:\Working\Github\AngularNotesApp\AngularNotesApp\AngularNotes\src\main.js
C:\Working\Github\AngularNotesApp\AngularNotesApp\AngularNotes\src\main.js.map
C:\Working\Github\AngularNotesApp\AngularNotesApp\AngularNotes\src\app\models\Todo.js
C:\Working\Github\AngularNotesApp\AngularNotesApp\AngularNotes\src\app\models\Todo.js.map
C:\Working\Github\AngularNotesApp\AngularNotesApp\AngularNotes\src\app\models\Note.js
C:\Working\Github\AngularNotesApp\AngularNotesApp\AngularNotes\src\app\models\Note.js.map
C:\Working\Github\AngularNotesApp\AngularNotesApp\AngularNotes\src\app\components\ColorPickerComponent.js
C:\Working\Github\AngularNotesApp\AngularNotesApp\AngularNotes\src\app\components\ColorPickerComponent.js.map
C:\Working\Github\AngularNotesApp\AngularNotesApp\AngularNotes\src\app\mock-notes.js
C:\Working\Github\AngularNotesApp\AngularNotesApp\AngularNotes\src\app\mock-notes.js.map
C:\Working\Github\AngularNotesApp\AngularNotesApp\AngularNotes\src\app\note.service.js
C:\Working\Github\AngularNotesApp\AngularNotesApp\AngularNotes\src\app\note.service.js.map
C:\Working\Github\AngularNotesApp\AngularNotesApp\AngularNotes\src\app\components\NoteListComponent.js
C:\Working\Github\AngularNotesApp\AngularNotesApp\AngularNotes\src\app\components\NoteListComponent.js.map
C:\Working\Github\AngularNotesApp\AngularNotesApp\AngularNotes\src\app\components\EditNoteComponent.js
C:\Working\Github\AngularNotesApp\AngularNotesApp\AngularNotes\src\app\components\EditNoteComponent.js.map
C:\Working\Github\AngularNotesApp\AngularNotesApp\AngularNotes\src\app\components\ToDoListComponent.js
C:\Working\Github\AngularNotesApp\AngularNotesApp\AngularNotes\src\app\components\ToDoListComponent.js.map
C:\Working\Github\AngularNotesApp\AngularNotesApp\AngularNotes\src\app\components\MainComponent.js
C:\Working\Github\AngularNotesApp\AngularNotesApp\AngularNotes\src\app\components\MainComponent.js.map
C:\Working\Github\AngularNotesApp\AngularNotesApp\AngularNotes\src\app\app.module.js
C:\Working\Github\AngularNotesApp\AngularNotesApp\AngularNotes\src\app\app.module.js.map
C:\Working\Github\AngularNotesApp\AngularNotesApp\AngularNotes\src\main.js
C:\Working\Github\AngularNotesApp\AngularNotesApp\AngularNotes\src\main.js.map
C:\Working\Github\AngularNotesApp\AngularNotesApp\AngularNotes\src\app\models\Todo.js
C:\Working\Github\AngularNotesApp\AngularNotesApp\AngularNotes\src\app\models\Todo.js.map
C:\Working\Github\AngularNotesApp\AngularNotesApp\AngularNotes\src\app\models\Note.js
C:\Working\Github\AngularNotesApp\AngularNotesApp\AngularNotes\src\app\models\Note.js.map
C:\Working\Github\AngularNotesApp\AngularNotesApp\AngularNotes\src\app\components\ColorPickerComponent.js
C:\Working\Github\AngularNotesApp\AngularNotesApp\AngularNotes\src\app\components\ColorPickerComponent.js.map
C:\Working\Github\AngularNotesApp\AngularNotesApp\AngularNotes\src\app\mock-notes.js
C:\Working\Github\AngularNotesApp\AngularNotesApp\AngularNotes\src\app\mock-notes.js.map
C:\Working\Github\AngularNotesApp\AngularNotesApp\AngularNotes\src\app\note.service.js
C:\Working\Github\AngularNotesApp\AngularNotesApp\AngularNotes\src\app\note.service.js.map
C:\Working\Github\AngularNotesApp\AngularNotesApp\AngularNotes\src\app\components\NoteListComponent.js
C:\Working\Github\AngularNotesApp\AngularNotesApp\AngularNotes\src\app\components\NoteListComponent.js.map
C:\Working\Github\AngularNotesApp\AngularNotesApp\AngularNotes\src\app\components\EditNoteComponent.js
C:\Working\Github\AngularNotesApp\AngularNotesApp\AngularNotes\src\app\components\EditNoteComponent.js.map
C:\Working\Github\AngularNotesApp\AngularNotesApp\AngularNotes\src\app\components\ToDoListComponent.js
C:\Working\Github\AngularNotesApp\AngularNotesApp\AngularNotes\src\app\components\ToDoListComponent.js.map
C:\Working\Github\AngularNotesApp\AngularNotesApp\AngularNotes\src\app\components\MainComponent.js
C:\Working\Github\AngularNotesApp\AngularNotesApp\AngularNotes\src\app\components\MainComponent.js.map
C:\Working\Github\AngularNotesApp\AngularNotesApp\AngularNotes\src\app\app.module.js
C:\Working\Github\AngularNotesApp\AngularNotesApp\AngularNotes\src\app\app.module.js.map
C:\Working\Github\AngularNotesApp\AngularNotesApp\AngularNotes\src\main.js
C:\Working\Github\AngularNotesApp\AngularNotesApp\AngularNotes\src\main.js.map
C:\Working\Github\AngularNotesApp\AngularNotesApp\AngularNotes\src\app\models\Todo.js
C:\Working\Github\AngularNotesApp\AngularNotesApp\AngularNotes\src\app\models\Todo.js.map
C:\Working\Github\AngularNotesApp\AngularNotesApp\AngularNotes\src\app\models\Note.js
C:\Working\Github\AngularNotesApp\AngularNotesApp\AngularNotes\src\app\models\Note.js.map
C:\Working\Github\AngularNotesApp\AngularNotesApp\AngularNotes\src\app\components\ColorPickerComponent.js
C:\Working\Github\AngularNotesApp\AngularNotesApp\AngularNotes\src\app\components\ColorPickerComponent.js.map
C:\Working\Github\AngularNotesApp\AngularNotesApp\AngularNotes\src\app\mock-notes.js
C:\Working\Github\AngularNotesApp\AngularNotesApp\AngularNotes\src\app\mock-notes.js.map
C:\Working\Github\AngularNotesApp\AngularNotesApp\AngularNotes\src\app\note.service.js
C:\Working\Github\AngularNotesApp\AngularNotesApp\AngularNotes\src\app\note.service.js.map
C:\Working\Github\AngularNotesApp\AngularNotesApp\AngularNotes\src\app\components\NoteListComponent.js
C:\Working\Github\AngularNotesApp\AngularNotesApp\AngularNotes\src\app\components\NoteListComponent.js.map
C:\Working\Github\AngularNotesApp\AngularNotesApp\AngularNotes\src\app\components\EditNoteComponent.js
C:\Working\Github\AngularNotesApp\AngularNotesApp\AngularNotes\src\app\components\EditNoteComponent.js.map
C:\Working\Github\AngularNotesApp\AngularNotesApp\AngularNotes\src\app\components\ToDoListComponent.js
C:\Working\Github\AngularNotesApp\AngularNotesApp\AngularNotes\src\app\components\ToDoListComponent.js.map
C:\Working\Github\AngularNotesApp\AngularNotesApp\AngularNotes\src\app\components\MainComponent.js
C:\Working\Github\AngularNotesApp\AngularNotesApp\AngularNotes\src\app\components\MainComponent.js.map
C:\Working\Github\AngularNotesApp\AngularNotesApp\AngularNotes\src\app\app.module.js
C:\Working\Github\AngularNotesApp\AngularNotesApp\AngularNotes\src\app\app.module.js.map
C:\Working\Github\AngularNotesApp\AngularNotesApp\AngularNotes\src\main.js
C:\Working\Github\AngularNotesApp\AngularNotesApp\AngularNotes\src\main.js.map
C:\Working\Github\AngularNotesApp\AngularNotesApp\AngularNotes\src\app\models\Todo.js
C:\Working\Github\AngularNotesApp\AngularNotesApp\AngularNotes\src\app\models\Todo.js.map
C:\Working\Github\AngularNotesApp\AngularNotesApp\AngularNotes\src\app\models\Note.js
C:\Working\Github\AngularNotesApp\AngularNotesApp\AngularNotes\src\app\models\Note.js.map
C:\Working\Github\AngularNotesApp\AngularNotesApp\AngularNotes\src\app\components\ColorPickerComponent.js
C:\Working\Github\AngularNotesApp\AngularNotesApp\AngularNotes\src\app\components\ColorPickerComponent.js.map
C:\Working\Github\AngularNotesApp\AngularNotesApp\AngularNotes\src\app\mock-notes.js
C:\Working\Github\AngularNotesApp\AngularNotesApp\AngularNotes\src\app\mock-notes.js.map
C:\Working\Github\AngularNotesApp\AngularNotesApp\AngularNotes\src\app\note.service.js
C:\Working\Github\AngularNotesApp\AngularNotesApp\AngularNotes\src\app\note.service.js.map
C:\Working\Github\AngularNotesApp\AngularNotesApp\AngularNotes\src\app\components\NoteListComponent.js
C:\Working\Github\AngularNotesApp\AngularNotesApp\AngularNotes\src\app\components\NoteListComponent.js.map
C:\Working\Github\AngularNotesApp\AngularNotesApp\AngularNotes\src\app\components\EditNoteComponent.js
C:\Working\Github\AngularNotesApp\AngularNotesApp\AngularNotes\src\app\components\EditNoteComponent.js.map
C:\Working\Github\AngularNotesApp\AngularNotesApp\AngularNotes\src\app\components\ToDoListComponent.js
C:\Working\Github\AngularNotesApp\AngularNotesApp\AngularNotes\src\app\components\ToDoListComponent.js.map
C:\Working\Github\AngularNotesApp\AngularNotesApp\AngularNotes\src\app\components\MainComponent.js
C:\Working\Github\AngularNotesApp\AngularNotesApp\AngularNotes\src\app\components\MainComponent.js.map
C:\Working\Github\AngularNotesApp\AngularNotesApp\AngularNotes\src\app\app.module.js
C:\Working\Github\AngularNotesApp\AngularNotesApp\AngularNotes\src\app\app.module.js.map
C:\Working\Github\AngularNotesApp\AngularNotesApp\AngularNotes\src\main.js
C:\Working\Github\AngularNotesApp\AngularNotesApp\AngularNotes\src\main.js.map
C:\Working\Github\AngularNotesApp\AngularNotesApp\AngularNotes\src\app\models\Todo.js
C:\Working\Github\AngularNotesApp\AngularNotesApp\AngularNotes\src\app\models\Todo.js.map
C:\Working\Github\AngularNotesApp\AngularNotesApp\AngularNotes\src\app\models\Note.js
C:\Working\Github\AngularNotesApp\AngularNotesApp\AngularNotes\src\app\models\Note.js.map
C:\Working\Github\AngularNotesApp\AngularNotesApp\AngularNotes\src\app\components\ColorPickerComponent.js
C:\Working\Github\AngularNotesApp\AngularNotesApp\AngularNotes\src\app\components\ColorPickerComponent.js.map
C:\Working\Github\AngularNotesApp\AngularNotesApp\AngularNotes\src\app\mock-notes.js
C:\Working\Github\AngularNotesApp\AngularNotesApp\AngularNotes\src\app\mock-notes.js.map
C:\Working\Github\AngularNotesApp\AngularNotesApp\AngularNotes\src\app\note.service.js
C:\Working\Github\AngularNotesApp\AngularNotesApp\AngularNotes\src\app\note.service.js.map
C:\Working\Github\AngularNotesApp\AngularNotesApp\AngularNotes\src\app\components\NoteListComponent.js
C:\Working\Github\AngularNotesApp\AngularNotesApp\AngularNotes\src\app\components\NoteListComponent.js.map
C:\Working\Github\AngularNotesApp\AngularNotesApp\AngularNotes\src\app\components\EditNoteComponent.js
C:\Working\Github\AngularNotesApp\AngularNotesApp\AngularNotes\src\app\components\EditNoteComponent.js.map
C:\Working\Github\AngularNotesApp\AngularNotesApp\AngularNotes\src\app\components\ToDoListComponent.js
C:\Working\Github\AngularNotesApp\AngularNotesApp\AngularNotes\src\app\components\ToDoListComponent.js.map
C:\Working\Github\AngularNotesApp\AngularNotesApp\AngularNotes\src\app\components\MainComponent.js
C:\Working\Github\AngularNotesApp\AngularNotesApp\AngularNotes\src\app\components\MainComponent.js.map
C:\Working\Github\AngularNotesApp\AngularNotesApp\AngularNotes\src\app\app.module.js
C:\Working\Github\AngularNotesApp\AngularNotesApp\AngularNotes\src\app\app.module.js.map
C:\Working\Github\AngularNotesApp\AngularNotesApp\AngularNotes\src\main.js
C:\Working\Github\AngularNotesApp\AngularNotesApp\AngularNotes\src\main.js.map
C:\Working\Github\AngularNotesApp\AngularNotesApp\AngularNotes\src\app\models\Todo.js
C:\Working\Github\AngularNotesApp\AngularNotesApp\AngularNotes\src\app\models\Todo.js.map
C:\Working\Github\AngularNotesApp\AngularNotesApp\AngularNotes\src\app\models\Note.js
C:\Working\Github\AngularNotesApp\AngularNotesApp\AngularNotes\src\app\models\Note.js.map
C:\Working\Github\AngularNotesApp\AngularNotesApp\AngularNotes\src\app\components\ColorPickerComponent.js
C:\Working\Github\AngularNotesApp\AngularNotesApp\AngularNotes\src\app\components\ColorPickerComponent.js.map
C:\Working\Github\AngularNotesApp\AngularNotesApp\AngularNotes\src\app\mock-notes.js
C:\Working\Github\AngularNotesApp\AngularNotesApp\AngularNotes\src\app\mock-notes.js.map
C:\Working\Github\AngularNotesApp\AngularNotesApp\AngularNotes\src\app\note.service.js
C:\Working\Github\AngularNotesApp\AngularNotesApp\AngularNotes\src\app\note.service.js.map
C:\Working\Github\AngularNotesApp\AngularNotesApp\AngularNotes\src\app\components\NoteListComponent.js
C:\Working\Github\AngularNotesApp\AngularNotesApp\AngularNotes\src\app\components\NoteListComponent.js.map
C:\Working\Github\AngularNotesApp\AngularNotesApp\AngularNotes\src\app\components\EditNoteComponent.js
C:\Working\Github\AngularNotesApp\AngularNotesApp\AngularNotes\src\app\components\EditNoteComponent.js.map
C:\Working\Github\AngularNotesApp\AngularNotesApp\AngularNotes\src\app\components\ToDoListComponent.js
C:\Working\Github\AngularNotesApp\AngularNotesApp\AngularNotes\src\app\components\ToDoListComponent.js.map
C:\Working\Github\AngularNotesApp\AngularNotesApp\AngularNotes\src\app\components\MainComponent.js
C:\Working\Github\AngularNotesApp\AngularNotesApp\AngularNotes\src\app\components\MainComponent.js.map
C:\Working\Github\AngularNotesApp\AngularNotesApp\AngularNotes\src\app\app.module.js
C:\Working\Github\AngularNotesApp\AngularNotesApp\AngularNotes\src\app\app.module.js.map
C:\Working\Github\AngularNotesApp\AngularNotesApp\AngularNotes\src\main.js
C:\Working\Github\AngularNotesApp\AngularNotesApp\AngularNotes\src\main.js.map
C:\Working\Github\AngularNotesApp\AngularNotesApp\AngularNotes\src\app\models\Todo.js
C:\Working\Github\AngularNotesApp\AngularNotesApp\AngularNotes\src\app\models\Todo.js.map
C:\Working\Github\AngularNotesApp\AngularNotesApp\AngularNotes\src\app\models\Note.js
C:\Working\Github\AngularNotesApp\AngularNotesApp\AngularNotes\src\app\models\Note.js.map
C:\Working\Github\AngularNotesApp\AngularNotesApp\AngularNotes\src\app\components\ColorPickerComponent.js
C:\Working\Github\AngularNotesApp\AngularNotesApp\AngularNotes\src\app\components\ColorPickerComponent.js.map
C:\Working\Github\AngularNotesApp\AngularNotesApp\AngularNotes\src\app\mock-notes.js
C:\Working\Github\AngularNotesApp\AngularNotesApp\AngularNotes\src\app\mock-notes.js.map
C:\Working\Github\AngularNotesApp\AngularNotesApp\AngularNotes\src\app\note.service.js
C:\Working\Github\AngularNotesApp\AngularNotesApp\AngularNotes\src\app\note.service.js.map
C:\Working\Github\AngularNotesApp\AngularNotesApp\AngularNotes\src\app\components\NoteListComponent.js
C:\Working\Github\AngularNotesApp\AngularNotesApp\AngularNotes\src\app\components\NoteListComponent.js.map
C:\Working\Github\AngularNotesApp\AngularNotesApp\AngularNotes\src\app\components\EditNoteComponent.js
C:\Working\Github\AngularNotesApp\AngularNotesApp\AngularNotes\src\app\components\EditNoteComponent.js.map
C:\Working\Github\AngularNotesApp\AngularNotesApp\AngularNotes\src\app\components\ToDoListComponent.js
C:\Working\Github\AngularNotesApp\AngularNotesApp\AngularNotes\src\app\components\ToDoListComponent.js.map
C:\Working\Github\AngularNotesApp\AngularNotesApp\AngularNotes\src\app\components\MainComponent.js
C:\Working\Github\AngularNotesApp\AngularNotesApp\AngularNotes\src\app\components\MainComponent.js.map
C:\Working\Github\AngularNotesApp\AngularNotesApp\AngularNotes\src\app\app.module.js
C:\Working\Github\AngularNotesApp\AngularNotesApp\AngularNotes\src\app\app.module.js.map
C:\Working\Github\AngularNotesApp\AngularNotesApp\AngularNotes\src\main.js
C:\Working\Github\AngularNotesApp\AngularNotesApp\AngularNotes\src\main.js.map
C:\Working\Github\AngularNotesApp\AngularNotesApp\AngularNotes\src\app\models\Todo.js
C:\Working\Github\AngularNotesApp\AngularNotesApp\AngularNotes\src\app\models\Todo.js.map
C:\Working\Github\AngularNotesApp\AngularNotesApp\AngularNotes\src\app\models\Note.js
C:\Working\Github\AngularNotesApp\AngularNotesApp\AngularNotes\src\app\models\Note.js.map
C:\Working\Github\AngularNotesApp\AngularNotesApp\AngularNotes\src\app\components\ColorPickerComponent.js
C:\Working\Github\AngularNotesApp\AngularNotesApp\AngularNotes\src\app\components\ColorPickerComponent.js.map
C:\Working\Github\AngularNotesApp\AngularNotesApp\AngularNotes\src\app\mock-notes.js
C:\Working\Github\AngularNotesApp\AngularNotesApp\AngularNotes\src\app\mock-notes.js.map
C:\Working\Github\AngularNotesApp\AngularNotesApp\AngularNotes\src\app\note.service.js
C:\Working\Github\AngularNotesApp\AngularNotesApp\AngularNotes\src\app\note.service.js.map
C:\Working\Github\AngularNotesApp\AngularNotesApp\AngularNotes\src\app\components\NoteListComponent.js
C:\Working\Github\AngularNotesApp\AngularNotesApp\AngularNotes\src\app\components\NoteListComponent.js.map
C:\Working\Github\AngularNotesApp\AngularNotesApp\AngularNotes\src\app\components\EditNoteComponent.js
C:\Working\Github\AngularNotesApp\AngularNotesApp\AngularNotes\src\app\components\EditNoteComponent.js.map
C:\Working\Github\AngularNotesApp\AngularNotesApp\AngularNotes\src\app\components\ToDoListComponent.js
C:\Working\Github\AngularNotesApp\AngularNotesApp\AngularNotes\src\app\components\ToDoListComponent.js.map
C:\Working\Github\AngularNotesApp\AngularNotesApp\AngularNotes\src\app\components\MainComponent.js
C:\Working\Github\AngularNotesApp\AngularNotesApp\AngularNotes\src\app\components\MainComponent.js.map
C:\Working\Github\AngularNotesApp\AngularNotesApp\AngularNotes\src\app\app.module.js
C:\Working\Github\AngularNotesApp\AngularNotesApp\AngularNotes\src\app\app.module.js.map
C:\Working\Github\AngularNotesApp\AngularNotesApp\AngularNotes\src\main.js
C:\Working\Github\AngularNotesApp\AngularNotesApp\AngularNotes\src\main.js.map
